[ 2020-08-18T19:42:15+08:00 ] 127.0.0.1 /back
INFO: [ app_init ] --START--
INFO: Run Behavior\BuildLiteBehavior [ RunTime:0.000005s ]
INFO: [ app_init ] --END-- [ RunTime:0.000071s ]
INFO: [ app_begin ] --START--
INFO: Run Behavior\ReadHtmlCacheBehavior [ RunTime:0.000041s ]
INFO: [ app_begin ] --END-- [ RunTime:0.000055s ]

[ 2020-08-18T19:42:15+08:00 ] 127.0.0.1 /back/public/login
INFO: [ app_init ] --START--
INFO: Run Behavior\BuildLiteBehavior [ RunTime:0.000003s ]
INFO: [ app_init ] --END-- [ RunTime:0.000025s ]
INFO: [ app_begin ] --START--
INFO: Run Behavior\ReadHtmlCacheBehavior [ RunTime:0.000024s ]
INFO: [ app_begin ] --END-- [ RunTime:0.000034s ]
INFO: [ view_parse ] --START--
INFO: [ template_filter ] --START--
INFO: Run Behavior\ContentReplaceBehavior [ RunTime:0.000023s ]
INFO: [ template_filter ] --END-- [ RunTime:0.000034s ]
INFO: Run Behavior\ParseTemplateBehavior [ RunTime:0.002107s ]
INFO: [ view_parse ] --END-- [ RunTime:0.002122s ]
INFO: [ view_filter ] --START--
INFO: Run Behavior\WriteHtmlCacheBehavior [ RunTime:0.000040s ]
INFO: [ view_filter ] --END-- [ RunTime:0.000049s ]
INFO: [ app_end ] --START--
INFO: Run Behavior\ShowPageTraceBehavior [ RunTime:0.000028s ]
INFO: [ app_end ] --END-- [ RunTime:0.000035s ]

[ 2020-08-18T19:42:15+08:00 ] 127.0.0.1 /back/public/verify1
INFO: [ app_init ] --START--
INFO: Run Behavior\BuildLiteBehavior [ RunTime:0.000004s ]
INFO: [ app_init ] --END-- [ RunTime:0.000038s ]
INFO: [ app_begin ] --START--
INFO: Run Behavior\ReadHtmlCacheBehavior [ RunTime:0.000035s ]
INFO: [ app_begin ] --END-- [ RunTime:0.000046s ]
INFO: [ app_end ] --START--
INFO: Run Behavior\ShowPageTraceBehavior [ RunTime:0.000069s ]
INFO: [ app_end ] --END-- [ RunTime:0.000112s ]

[ 2020-08-18T19:42:36+08:00 ] 127.0.0.1 /back/public/login
INFO: [ app_init ] --START--
INFO: Run Behavior\BuildLiteBehavior [ RunTime:0.000004s ]
INFO: [ app_init ] --END-- [ RunTime:0.000073s ]
INFO: [ app_begin ] --START--
INFO: Run Behavior\ReadHtmlCacheBehavior [ RunTime:0.000033s ]
INFO: [ app_begin ] --END-- [ RunTime:0.000045s ]
NOTIC: [8] Undefined index: debug D:\develop\icemoun\ThinkPHP\Library\Think\Db\Driver.class.php 第 108 行.
NOTIC: [8] Undefined offset: 0 D:\develop\icemoun\ThinkPHP\Library\Think\Db\Driver.class.php 第 113 行.
NOTIC: [2] mt_rand(): max(0) is smaller than min(1) D:\develop\icemoun\ThinkPHP\Library\Think\Db\Driver.class.php 第 1095 行.
NOTIC: [8] Undefined index: debug D:\develop\icemoun\ThinkPHP\Library\Think\Db\Driver.class.php 第 108 行.
NOTIC: [8] Undefined offset: 0 D:\develop\icemoun\ThinkPHP\Library\Think\Db\Driver.class.php 第 113 行.
NOTIC: [8] Undefined index: debug D:\develop\icemoun\ThinkPHP\Library\Think\Db\Driver.class.php 第 108 行.
NOTIC: [8] Undefined offset: 0 D:\develop\icemoun\ThinkPHP\Library\Think\Db\Driver.class.php 第 113 行.
NOTIC: [2] mt_rand(): max(0) is smaller than min(1) D:\develop\icemoun\ThinkPHP\Library\Think\Db\Driver.class.php 第 1095 行.
NOTIC: [8] Undefined index: debug D:\develop\icemoun\ThinkPHP\Library\Think\Db\Driver.class.php 第 108 行.
NOTIC: [8] Undefined offset: 0 D:\develop\icemoun\ThinkPHP\Library\Think\Db\Driver.class.php 第 113 行.
NOTIC: [2] mt_rand(): max(0) is smaller than min(1) D:\develop\icemoun\ThinkPHP\Library\Think\Db\Driver.class.php 第 1095 行.
NOTIC: [8] Undefined index: debug D:\develop\icemoun\ThinkPHP\Library\Think\Db\Driver.class.php 第 108 行.
NOTIC: [8] Undefined offset: 0 D:\develop\icemoun\ThinkPHP\Library\Think\Db\Driver.class.php 第 113 行.
INFO: [ view_parse ] --START--
INFO: [ template_filter ] --START--
INFO: Run Behavior\ContentReplaceBehavior [ RunTime:0.000014s ]
INFO: [ template_filter ] --END-- [ RunTime:0.000029s ]
INFO: Run Behavior\ParseTemplateBehavior [ RunTime:0.001854s ]
INFO: [ view_parse ] --END-- [ RunTime:0.001868s ]
INFO: [ view_filter ] --START--
INFO: Run Behavior\WriteHtmlCacheBehavior [ RunTime:0.000038s ]
INFO: [ view_filter ] --END-- [ RunTime:0.000045s ]

[ 2020-08-18T19:42:38+08:00 ] 127.0.0.1 /back/public/login
INFO: [ app_init ] --START--
INFO: Run Behavior\BuildLiteBehavior [ RunTime:0.000005s ]
INFO: [ app_init ] --END-- [ RunTime:0.000045s ]
INFO: [ app_begin ] --START--
INFO: Run Behavior\ReadHtmlCacheBehavior [ RunTime:0.000035s ]
INFO: [ app_begin ] --END-- [ RunTime:0.000046s ]
INFO: [ view_parse ] --START--
INFO: [ template_filter ] --START--
INFO: Run Behavior\ContentReplaceBehavior [ RunTime:0.000040s ]
INFO: [ template_filter ] --END-- [ RunTime:0.000054s ]
INFO: Run Behavior\ParseTemplateBehavior [ RunTime:0.002072s ]
INFO: [ view_parse ] --END-- [ RunTime:0.002116s ]
INFO: [ view_filter ] --START--
INFO: Run Behavior\WriteHtmlCacheBehavior [ RunTime:0.000039s ]
INFO: [ view_filter ] --END-- [ RunTime:0.000046s ]
INFO: [ app_end ] --START--
INFO: Run Behavior\ShowPageTraceBehavior [ RunTime:0.000040s ]
INFO: [ app_end ] --END-- [ RunTime:0.000048s ]

[ 2020-08-18T19:42:46+08:00 ] 127.0.0.1 /back/public/verify1?1597750966980
INFO: [ app_init ] --START--
INFO: Run Behavior\BuildLiteBehavior [ RunTime:0.000003s ]
INFO: [ app_init ] --END-- [ RunTime:0.000033s ]
INFO: [ app_begin ] --START--
INFO: Run Behavior\ReadHtmlCacheBehavior [ RunTime:0.000027s ]
INFO: [ app_begin ] --END-- [ RunTime:0.000037s ]
INFO: [ app_end ] --START--
INFO: Run Behavior\ShowPageTraceBehavior [ RunTime:0.000034s ]
INFO: [ app_end ] --END-- [ RunTime:0.000046s ]

[ 2020-08-18T19:43:03+08:00 ] 127.0.0.1 /back/public/login
INFO: [ app_init ] --START--
INFO: Run Behavior\BuildLiteBehavior [ RunTime:0.000003s ]
INFO: [ app_init ] --END-- [ RunTime:0.000037s ]
INFO: [ app_begin ] --START--
INFO: Run Behavior\ReadHtmlCacheBehavior [ RunTime:0.000028s ]
INFO: [ app_begin ] --END-- [ RunTime:0.000040s ]
NOTIC: [8] Undefined index: debug D:\develop\icemoun\ThinkPHP\Library\Think\Db\Driver.class.php 第 108 行.
NOTIC: [8] Undefined offset: 0 D:\develop\icemoun\ThinkPHP\Library\Think\Db\Driver.class.php 第 113 行.
NOTIC: [2] mt_rand(): max(0) is smaller than min(1) D:\develop\icemoun\ThinkPHP\Library\Think\Db\Driver.class.php 第 1095 行.
NOTIC: [8] Undefined index: debug D:\develop\icemoun\ThinkPHP\Library\Think\Db\Driver.class.php 第 108 行.
NOTIC: [8] Undefined offset: 0 D:\develop\icemoun\ThinkPHP\Library\Think\Db\Driver.class.php 第 113 行.
NOTIC: [8] Undefined index: debug D:\develop\icemoun\ThinkPHP\Library\Think\Db\Driver.class.php 第 108 行.
NOTIC: [8] Undefined offset: 0 D:\develop\icemoun\ThinkPHP\Library\Think\Db\Driver.class.php 第 113 行.
NOTIC: [2] mt_rand(): max(0) is smaller than min(1) D:\develop\icemoun\ThinkPHP\Library\Think\Db\Driver.class.php 第 1095 行.
NOTIC: [8] Undefined index: debug D:\develop\icemoun\ThinkPHP\Library\Think\Db\Driver.class.php 第 108 行.
NOTIC: [8] Undefined offset: 0 D:\develop\icemoun\ThinkPHP\Library\Think\Db\Driver.class.php 第 113 行.
NOTIC: [2] mt_rand(): max(0) is smaller than min(1) D:\develop\icemoun\ThinkPHP\Library\Think\Db\Driver.class.php 第 1095 行.
NOTIC: [8] Undefined index: debug D:\develop\icemoun\ThinkPHP\Library\Think\Db\Driver.class.php 第 108 行.
NOTIC: [8] Undefined offset: 0 D:\develop\icemoun\ThinkPHP\Library\Think\Db\Driver.class.php 第 113 行.
INFO: [ view_parse ] --START--
INFO: [ template_filter ] --START--
INFO: Run Behavior\ContentReplaceBehavior [ RunTime:0.000054s ]
INFO: [ template_filter ] --END-- [ RunTime:0.000108s ]
INFO: Run Behavior\ParseTemplateBehavior [ RunTime:0.005490s ]
INFO: [ view_parse ] --END-- [ RunTime:0.005555s ]
INFO: [ view_filter ] --START--
INFO: Run Behavior\WriteHtmlCacheBehavior [ RunTime:0.000163s ]
INFO: [ view_filter ] --END-- [ RunTime:0.000201s ]

[ 2020-08-18T19:43:07+08:00 ] 127.0.0.1 /back/public/login
INFO: [ app_init ] --START--
INFO: Run Behavior\BuildLiteBehavior [ RunTime:0.000006s ]
INFO: [ app_init ] --END-- [ RunTime:0.000067s ]
INFO: [ app_begin ] --START--
INFO: Run Behavior\ReadHtmlCacheBehavior [ RunTime:0.000046s ]
INFO: [ app_begin ] --END-- [ RunTime:0.000059s ]
INFO: [ view_parse ] --START--
INFO: [ template_filter ] --START--
INFO: Run Behavior\ContentReplaceBehavior [ RunTime:0.000024s ]
INFO: [ template_filter ] --END-- [ RunTime:0.000036s ]
INFO: Run Behavior\ParseTemplateBehavior [ RunTime:0.001376s ]
INFO: [ view_parse ] --END-- [ RunTime:0.001389s ]
INFO: [ view_filter ] --START--
INFO: Run Behavior\WriteHtmlCacheBehavior [ RunTime:0.000035s ]
INFO: [ view_filter ] --END-- [ RunTime:0.000043s ]
INFO: [ app_end ] --START--
INFO: Run Behavior\ShowPageTraceBehavior [ RunTime:0.000025s ]
INFO: [ app_end ] --END-- [ RunTime:0.000033s ]

[ 2020-08-18T19:43:07+08:00 ] 127.0.0.1 /back/public/verify1
INFO: [ app_init ] --START--
INFO: Run Behavior\BuildLiteBehavior [ RunTime:0.000003s ]
INFO: [ app_init ] --END-- [ RunTime:0.000023s ]
INFO: [ app_begin ] --START--
INFO: Run Behavior\ReadHtmlCacheBehavior [ RunTime:0.000023s ]
INFO: [ app_begin ] --END-- [ RunTime:0.000032s ]
INFO: [ app_end ] --START--
INFO: Run Behavior\ShowPageTraceBehavior [ RunTime:0.000029s ]
INFO: [ app_end ] --END-- [ RunTime:0.000042s ]

